2024-11-11 18:45:57 [INFO]: База данных синхронизирована
2024-11-11 18:46:10 [INFO]: База данных синхронизирована
2024-11-11 18:46:52 [INFO]: База данных синхронизирована
2024-11-11 18:47:23 [INFO]: База данных синхронизирована
2024-11-11 18:48:37 [INFO]: База данных синхронизирована
2024-11-11 18:49:03 [INFO]: База данных синхронизирована
2024-11-11 18:50:04 [INFO]: База данных синхронизирована
2024-11-11 18:50:57 [INFO]: База данных синхронизирована
2024-11-11 18:50:57 [INFO]: Сервер запущен на http://141.8.192.217:8001
2024-11-11 19:05:11 [INFO]: База данных синхронизирована
2024-11-11 19:05:11 [INFO]: Сервер запущен на http://141.8.192.217:8001
2024-11-11 19:15:46 [INFO]: База данных синхронизирована
2024-11-11 19:17:25 [INFO]: База данных синхронизирована
2024-11-11 19:17:36 [INFO]: База данных синхронизирована
2024-11-11 19:18:36 [INFO]: База данных синхронизирована
2024-11-11 19:21:07 [INFO]: База данных синхронизирована
2024-11-11 19:21:18 [INFO]: База данных синхронизирована
2024-11-11 19:21:55 [INFO]: База данных синхронизирована
2024-11-11 19:21:55 [INFO]: Сервер запущен на http://141.8.192.217:8001
2024-11-11 19:31:04 [INFO]: База данных синхронизирована
2024-11-11 19:31:04 [INFO]: Сервер запущен на http://141.8.192.217:8001
2024-11-11 19:40:59 [INFO]: База данных синхронизирована
2024-11-11 19:40:59 [INFO]: Сервер запущен на http://0.0.0.0:8001
2024-11-11 19:57:21 [INFO]: База данных синхронизирована
2024-11-16 11:03:00 [INFO]: База данных синхронизирована
2024-11-16 11:04:46 [INFO]: База данных синхронизирована
2024-11-16 11:04:53 [INFO]: База данных синхронизирована
2024-11-16 11:05:00 [INFO]: База данных синхронизирована
2024-11-16 11:05:53 [INFO]: База данных синхронизирована
2024-11-16 11:06:05 [INFO]: База данных синхронизирована
2024-11-16 11:08:37 [INFO]: База данных синхронизирована
2024-11-16 11:08:37 [INFO]: Сервер запущен на http://0.0.0.0:8000
2024-11-16 11:10:08 [INFO]: База данных синхронизирована
2024-11-16 11:10:08 [INFO]: Сервер запущен на http://0.0.0.0:8000
2024-11-16 11:14:02 [INFO]: База данных синхронизирована
2024-11-16 11:15:29 [INFO]: База данных синхронизирована
2024-11-16 11:18:16 [INFO]: База данных синхронизирована
2024-11-16 11:18:35 [INFO]: База данных синхронизирована
2024-11-16 11:19:05 [INFO]: База данных синхронизирована
2024-11-16 11:19:33 [INFO]: База данных синхронизирована
2024-11-16 11:19:43 [INFO]: База данных синхронизирована
2024-11-16 11:20:30 [INFO]: База данных синхронизирована
2024-11-16 11:20:30 [INFO]: Сервер запущен на 0.0.0.0:8000
2024-11-16 12:34:15 [ERROR]: Ошибка синхронизации базы данных:
2024-11-16 15:26:27 [ERROR]: Ошибка синхронизации базы данных: Access denied for user 'db_user'@'localhost' (using password: YES)
2024-11-16 15:47:14 [INFO]: База данных синхронизирована
2024-11-16 15:47:14 [INFO]: Сервер запущен на 0.0.0.0:8000
2024-11-16 15:52:19 [INFO]: База данных синхронизирована
2024-11-16 15:52:19 [INFO]: Сервер запущен на 0.0.0.0:8001
2024-11-16 15:52:38 [INFO]: Сессия начата:
2024-11-16 15:52:55 [INFO]: Сессия начата:
2024-11-16 15:54:22 [INFO]: Сессия начата:
2024-11-16 15:54:36 [INFO]: Запись обновлена:
2024-11-16 15:54:36 [INFO]: Запись обновлена:
2024-11-16 15:54:42 [INFO]: Запись обновлена:
2024-11-16 15:54:42 [INFO]: Запись обновлена:
2024-11-16 15:54:43 [INFO]: Запись обновлена:
2024-11-16 15:55:43 [INFO]: Сессия начата:
2024-11-16 15:55:45 [INFO]: Сессия начата:
2024-11-16 15:55:47 [WARN]: Превышен лимит сессий для IP:
2024-11-16 16:13:41 [WARN]: Превышен лимит сессий для IP:
2024-11-16 16:18:01 [WARN]: Превышен лимит сессий для IP:
2024-11-16 19:33:39 [INFO]: База данных синхронизирована
2024-11-16 19:33:39 [INFO]: Сервер запущен на 0.0.0.0:8001
2024-11-16 19:42:33 [INFO]: База данных синхронизирована
2024-11-16 19:42:33 [INFO]: Сервер запущен на 0.0.0.0:8001
2024-11-16 19:47:36 [INFO]: База данных синхронизирована
2024-11-16 19:47:36 [INFO]: Сервер запущен на 0.0.0.0:8001
2024-11-17 09:46:25 [INFO]: База данных синхронизирована
2024-11-17 09:46:25 [INFO]: Сервер запущен на 0.0.0.0:8001
2024-11-17 09:49:41 [INFO]: База данных синхронизирована
2024-11-17 09:49:41 [INFO]: Сервер запущен на 0.0.0.0:8001
2024-11-17 10:43:25 [INFO]: База данных синхронизирована
2024-11-17 10:43:47 [INFO]: База данных синхронизирована
2024-11-17 10:43:47 [INFO]: Сервер запущен на 0.0.0.0:8001
2024-11-17 10:57:07 [INFO]: База данных синхронизирована
2024-11-17 10:57:07 [INFO]: Сервер запущен на 0.0.0.0:8001
2024-11-18 07:12:48 [INFO]: Сессия начата:
2024-11-18 07:13:05 [INFO]: Запись обновлена:
2024-11-18 07:13:10 [INFO]: Запись обновлена:
2024-11-18 07:13:11 [INFO]: Запись обновлена:
2024-11-18 07:13:12 [INFO]: Запись обновлена:
2024-11-18 07:35:30 [INFO]: Сессия начата:
2024-11-18 07:35:43 [INFO]: Сессия начата:
2024-11-18 07:35:48 [INFO]: Запись обновлена:
2024-11-18 07:36:08 [INFO]: Запись обновлена:
2024-11-18 07:36:09 [INFO]: Запись обновлена:
2024-11-18 07:36:18 [INFO]: Запись обновлена:
2024-11-18 08:25:38 [INFO]: Сессия начата:
2024-11-18 08:33:23 [INFO]: Сессия начата:
2024-11-18 08:33:26 [INFO]: Сессия начата:
